2025-02-05 09:30:34 [[32minfo[39m]: Connecting to MongoDB...
2025-02-05 09:30:36 [[32minfo[39m]: Mongodb connection saccessfull !!!
2025-02-05 09:30:36 [[32minfo[39m]: Server is running on http://localhost:5000
2025-02-05 09:30:39 [[32minfo[39m]: Countries data already exists in the database!
2025-02-05 09:31:10 [[31merror[39m]: Error saving country to the database: Country validation failed: name: Name should have at least 3 characters., flag: Flag should be a valid image URL (jpg, jpeg, png, gif).
2025-02-05 09:32:42 [[32minfo[39m]: Country successfully added!
2025-02-05 10:16:24 [[32minfo[39m]: Connecting to MongoDB...
2025-02-05 10:16:25 [[32minfo[39m]: Mongodb connection saccessfull !!!
2025-02-05 10:16:25 [[32minfo[39m]: Server is running on http://localhost:5000
2025-02-05 10:17:08 [[32minfo[39m]: Country successfully added!
2025-02-05 10:20:02 [[32minfo[39m]: Connecting to MongoDB...
2025-02-05 10:20:03 [[32minfo[39m]: Mongodb connection saccessfull !!!
2025-02-05 10:20:03 [[32minfo[39m]: Server is running on http://localhost:5000
2025-02-05 10:20:07 [[32minfo[39m]: Country successfully added!
2025-02-05 10:24:53 [[32minfo[39m]: Connecting to MongoDB...
2025-02-05 10:24:55 [[32minfo[39m]: Mongodb connection saccessfull !!!
2025-02-05 10:24:55 [[32minfo[39m]: Server is running on http://localhost:5000
2025-02-05 10:25:00 [[31merror[39m]: Error saving country to the database: Country validation failed: name: Cast to string failed for value "{ '$ne': 'ישראל' }" (type Object) at path "name"
2025-02-05 10:25:57 [[32minfo[39m]: Country successfully added!
2025-02-05 10:26:53 [[32minfo[39m]: Connecting to MongoDB...
2025-02-05 10:26:54 [[32minfo[39m]: Mongodb connection saccessfull !!!
2025-02-05 10:26:54 [[32minfo[39m]: Server is running on http://localhost:5000
2025-02-05 10:28:48 [[31merror[39m]: Error saving country to the database: Country validation failed: population: Cast to Number failed for value "{}" (type Object) at path "population", region: Region must contain only English letters.
2025-02-05 10:30:12 [[32minfo[39m]: Connecting to MongoDB...
2025-02-05 10:30:14 [[32minfo[39m]: Mongodb connection saccessfull !!!
2025-02-05 10:30:14 [[32minfo[39m]: Server is running on http://localhost:5000
2025-02-05 10:30:34 [[31merror[39m]: Error saving country to the database: Country validation failed: population: Cast to Number failed for value "{}" (type Object) at path "population"
2025-02-05 10:32:23 [[31merror[39m]: Error saving country to the database: Country validation failed: name: Cast to string failed for value "{}" (type Object) at path "name"
2025-02-05 11:37:14 [[32minfo[39m]: Connecting to MongoDB...
2025-02-05 11:37:15 [[32minfo[39m]: Mongodb connection saccessfull !!!
2025-02-05 11:37:15 [[32minfo[39m]: Server is running on http://localhost:5000
2025-02-05 11:37:25 [[32minfo[39m]: Countries data already exists in the database!
2025-02-05 11:40:45 [[32minfo[39m]: Countries data already exists in the database!
2025-02-05 11:41:25 [[32minfo[39m]: Connecting to MongoDB...
2025-02-05 11:41:26 [[32minfo[39m]: Mongodb connection saccessfull !!!
2025-02-05 11:41:26 [[32minfo[39m]: Server is running on http://localhost:5000
2025-02-05 11:41:31 [[32minfo[39m]: Countries data already exists in the database!
2025-02-05 11:41:36 [[32minfo[39m]: Countries data already exists in the database!
2025-02-05 11:46:24 [[32minfo[39m]: Country deleted successfully!
2025-02-05 11:47:02 [[32minfo[39m]: Country deleted successfully!
2025-02-05 11:50:21 [[32minfo[39m]: Countries data already exists in the database!
2025-02-05 11:50:28 [[32minfo[39m]: Countries data already exists in the database!
2025-02-05 11:50:44 [[32minfo[39m]: Countries data already exists in the database!
2025-02-05 11:50:52 [[32minfo[39m]: Countries data already exists in the database!
2025-02-05 11:51:09 [[32minfo[39m]: Countries data already exists in the database!
2025-02-05 11:52:21 [[32minfo[39m]: Countries data already exists in the database!
2025-02-05 11:56:38 [[32minfo[39m]: Countries data already exists in the database!
2025-02-05 11:57:36 [[32minfo[39m]: Connecting to MongoDB...
2025-02-05 11:57:38 [[32minfo[39m]: Mongodb connection saccessfull !!!
2025-02-05 11:57:38 [[32minfo[39m]: Server is running on http://localhost:5000
2025-02-05 11:57:39 [[32minfo[39m]: Countries data already exists in the database!
2025-02-05 12:03:25 [[32minfo[39m]: Countries data already exists in the database!
2025-02-05 12:03:45 [[32minfo[39m]: Countries data already exists in the database!
2025-02-05 12:03:52 [[32minfo[39m]: Countries data already exists in the database!
2025-02-05 12:16:04 [[32minfo[39m]: Countries data already exists in the database!
2025-02-05 13:19:01 [[32minfo[39m]: Countries data already exists in the database!
2025-02-05 13:28:55 [[32minfo[39m]: Countries data already exists in the database!
2025-02-05 13:31:21 [[32minfo[39m]: Country deleted successfully!
2025-02-05 13:31:26 [[32minfo[39m]: Country deleted successfully!
2025-02-05 13:36:33 [[32minfo[39m]: Countries data already exists in the database!
2025-02-05 13:36:35 [[32minfo[39m]: Countries data already exists in the database!
2025-02-05 13:45:31 [[32minfo[39m]: Countries data already exists in the database!
2025-02-05 13:46:09 [[32minfo[39m]: Countries data already exists in the database!
2025-02-05 13:47:27 [[32minfo[39m]: Countries data already exists in the database!
2025-02-05 13:48:08 [[32minfo[39m]: Countries data already exists in the database!
2025-02-05 13:48:51 [[32minfo[39m]: Countries data already exists in the database!
2025-02-05 13:55:01 [[32minfo[39m]: Countries data already exists in the database!
2025-02-05 13:55:58 [[32minfo[39m]: Countries data already exists in the database!
2025-02-05 13:59:40 [[32minfo[39m]: Countries data already exists in the database!
2025-02-05 14:00:16 [[32minfo[39m]: Countries data already exists in the database!
2025-02-05 14:00:36 [[32minfo[39m]: Countries data already exists in the database!
2025-02-05 14:01:09 [[32minfo[39m]: Countries data already exists in the database!
2025-02-05 14:03:47 [[32minfo[39m]: Countries data already exists in the database!
2025-02-05 14:12:31 [[32minfo[39m]: Countries data already exists in the database!
2025-02-05 14:13:39 [[32minfo[39m]: Countries data already exists in the database!
2025-02-05 14:14:54 [[32minfo[39m]: Countries data already exists in the database!
2025-02-05 14:15:28 [[32minfo[39m]: Countries data already exists in the database!
2025-02-05 14:43:41 [[32minfo[39m]: Connecting to MongoDB...
2025-02-05 14:43:43 [[32minfo[39m]: Mongodb connection saccessfull !!!
2025-02-05 14:43:44 [[32minfo[39m]: Countries data already exists in the database!
2025-02-05 14:43:44 [[32minfo[39m]: Initial country data fetched and stored.
2025-02-05 14:43:44 [[32minfo[39m]: Server is running on http://localhost:5000
2025-02-05 14:45:45 [[32minfo[39m]: Connecting to MongoDB...
2025-02-05 14:45:46 [[32minfo[39m]: Mongodb connection saccessfull !!!
2025-02-05 14:45:47 [[32minfo[39m]: No countries in the database. Adding new data...
2025-02-05 14:45:49 [[32minfo[39m]: Countries added to the database!
2025-02-05 14:45:49 [[32minfo[39m]: Initial country data fetched and stored.
2025-02-05 14:45:49 [[32minfo[39m]: Server is running on http://localhost:5000
2025-02-05 15:19:08 [[32minfo[39m]: Connecting to MongoDB...
2025-02-05 15:19:10 [[32minfo[39m]: Mongodb connection saccessfull !!!
2025-02-05 15:19:11 [[32minfo[39m]: Countries data already exists in the database!
2025-02-05 15:19:11 [[32minfo[39m]: Initial country data fetched and stored.
2025-02-05 15:19:11 [[32minfo[39m]: Server is running on http://localhost:5000
2025-02-05 15:21:39 [[32minfo[39m]: Country successfully added!
2025-02-05 15:21:53 [[32minfo[39m]: Country deleted successfully!
2025-02-05 15:34:39 [[32minfo[39m]: Country updated successfully!
2025-02-05 15:44:25 [[32minfo[39m]: Connecting to MongoDB...
2025-02-05 15:44:26 [[32minfo[39m]: Mongodb connection saccessfull !!!
2025-02-05 15:44:28 [[32minfo[39m]: Countries data already exists in the database!
2025-02-05 15:44:28 [[32minfo[39m]: Initial country data fetched and stored.
2025-02-05 15:44:28 [[32minfo[39m]: Server is running on http://localhost:5000
2025-02-06 09:25:52 [[32minfo[39m]: Connecting to MongoDB...
2025-02-06 09:25:53 [[32minfo[39m]: Mongodb connection saccessfull !!!
2025-02-06 09:25:54 [[32minfo[39m]: Countries data already exists in the database!
2025-02-06 09:25:54 [[32minfo[39m]: Initial country data fetched and stored.
2025-02-06 09:25:54 [[32minfo[39m]: Server is running on http://localhost:5000
2025-02-06 09:26:20 [[32minfo[39m]: Country updated successfully!
2025-02-06 09:36:25 [[32minfo[39m]: Country updated successfully!
2025-02-06 09:38:11 [[32minfo[39m]: Country updated successfully!
2025-02-06 09:45:22 [[32minfo[39m]: Country successfully added!
2025-02-06 09:46:10 [[32minfo[39m]: Country updated successfully!
2025-02-06 10:40:09 [[32minfo[39m]: Connecting to MongoDB...
2025-02-06 10:40:10 [[32minfo[39m]: Mongodb connection saccessfull !!!
2025-02-06 10:40:12 [[32minfo[39m]: Countries data already exists in the database!
2025-02-06 10:40:12 [[32minfo[39m]: Initial country data fetched and stored.
2025-02-06 10:40:12 [[32minfo[39m]: Server is running on http://localhost:5000
2025-02-06 10:42:39 [[32minfo[39m]: Connecting to MongoDB...
2025-02-06 10:42:41 [[32minfo[39m]: Mongodb connection saccessfull !!!
2025-02-06 10:42:42 [[32minfo[39m]: Countries data already exists in the database!
2025-02-06 10:42:42 [[32minfo[39m]: Initial country data fetched and stored.
2025-02-06 10:42:42 [[32minfo[39m]: Server is running on http://localhost:5000
2025-02-06 10:56:31 [[32minfo[39m]: Connecting to MongoDB...
2025-02-06 10:56:33 [[32minfo[39m]: Mongodb connection saccessfull !!!
2025-02-06 10:56:34 [[32minfo[39m]: Countries data already exists in the database!
2025-02-06 10:56:34 [[32minfo[39m]: Initial country data fetched and stored.
2025-02-06 10:56:34 [[32minfo[39m]: Server is running on http://localhost:5000
2025-02-06 11:01:24 [[31merror[39m]: Error saving user to the database:
2025-02-06 11:06:46 [[32minfo[39m]: User successfully added!
2025-02-06 11:14:57 [[32minfo[39m]: Connecting to MongoDB...
2025-02-06 11:14:58 [[32minfo[39m]: Mongodb connection saccessfull !!!
2025-02-06 11:14:59 [[32minfo[39m]: Countries data already exists in the database!
2025-02-06 11:14:59 [[32minfo[39m]: Initial country data fetched and stored.
2025-02-06 11:14:59 [[32minfo[39m]: Server is running on http://localhost:5000
2025-02-06 11:44:38 [[32minfo[39m]: Connecting to MongoDB...
2025-02-06 11:44:39 [[32minfo[39m]: Mongodb connection saccessfull !!!
2025-02-06 11:44:40 [[32minfo[39m]: Countries data already exists in the database!
2025-02-06 11:44:40 [[32minfo[39m]: Initial country data fetched and stored.
2025-02-06 11:44:40 [[32minfo[39m]: Server is running on http://localhost:5000
2025-02-06 11:46:34 [[32minfo[39m]: Connecting to MongoDB...
2025-02-06 11:46:36 [[32minfo[39m]: Mongodb connection saccessfull !!!
2025-02-06 11:46:37 [[32minfo[39m]: Countries data already exists in the database!
2025-02-06 11:46:37 [[32minfo[39m]: Initial country data fetched and stored.
2025-02-06 11:46:37 [[32minfo[39m]: Server is running on http://localhost:5000
2025-02-06 11:47:00 [[32minfo[39m]: Connecting to MongoDB...
2025-02-06 11:47:01 [[32minfo[39m]: Mongodb connection saccessfull !!!
2025-02-06 11:47:02 [[32minfo[39m]: Countries data already exists in the database!
2025-02-06 11:47:02 [[32minfo[39m]: Initial country data fetched and stored.
2025-02-06 11:47:02 [[32minfo[39m]: Server is running on http://localhost:5000
2025-02-06 11:47:52 [[32minfo[39m]: Connecting to MongoDB...
2025-02-06 11:47:54 [[32minfo[39m]: Mongodb connection saccessfull !!!
2025-02-06 11:47:55 [[32minfo[39m]: Countries data already exists in the database!
2025-02-06 11:47:55 [[32minfo[39m]: Initial country data fetched and stored.
2025-02-06 11:47:55 [[32minfo[39m]: Server is running on http://localhost:5000
2025-02-06 11:47:58 [[32minfo[39m]: zdbbbbbbbbbbdd
2025-02-06 11:48:10 [[32minfo[39m]: Connecting to MongoDB...
2025-02-06 11:48:12 [[32minfo[39m]: Mongodb connection saccessfull !!!
2025-02-06 11:48:12 [[32minfo[39m]: Countries data already exists in the database!
2025-02-06 11:48:12 [[32minfo[39m]: Initial country data fetched and stored.
2025-02-06 11:48:12 [[32minfo[39m]: Server is running on http://localhost:5000
2025-02-06 11:48:27 [[32minfo[39m]: Connecting to MongoDB...
2025-02-06 11:48:28 [[32minfo[39m]: Mongodb connection saccessfull !!!
2025-02-06 11:48:29 [[32minfo[39m]: Countries data already exists in the database!
2025-02-06 11:48:29 [[32minfo[39m]: Initial country data fetched and stored.
2025-02-06 11:48:29 [[32minfo[39m]: Server is running on http://localhost:5000
2025-02-06 11:49:00 [[32minfo[39m]: Connecting to MongoDB...
2025-02-06 11:49:03 [[32minfo[39m]: Connecting to MongoDB...
2025-02-06 11:49:05 [[32minfo[39m]: Mongodb connection saccessfull !!!
2025-02-06 11:49:07 [[32minfo[39m]: Connecting to MongoDB...
2025-02-06 11:49:08 [[32minfo[39m]: Mongodb connection saccessfull !!!
2025-02-06 11:49:09 [[32minfo[39m]: Countries data already exists in the database!
2025-02-06 11:49:09 [[32minfo[39m]: Initial country data fetched and stored.
2025-02-06 11:49:09 [[32minfo[39m]: Server is running on http://localhost:5000
2025-02-06 11:49:17 [[32minfo[39m]: zdbbbbbbbbbbdd
2025-02-06 11:49:34 [[32minfo[39m]: Connecting to MongoDB...
2025-02-06 11:49:36 [[32minfo[39m]: Mongodb connection saccessfull !!!
2025-02-06 11:49:37 [[32minfo[39m]: Countries data already exists in the database!
2025-02-06 11:49:37 [[32minfo[39m]: Initial country data fetched and stored.
2025-02-06 11:49:37 [[32minfo[39m]: Server is running on http://localhost:5000
2025-02-06 11:49:40 [[32minfo[39m]: zdbbbbbbbbbbdd
2025-02-06 11:50:42 [[32minfo[39m]: Connecting to MongoDB...
2025-02-06 11:50:44 [[32minfo[39m]: Mongodb connection saccessfull !!!
2025-02-06 11:50:45 [[32minfo[39m]: Countries data already exists in the database!
2025-02-06 11:50:45 [[32minfo[39m]: Initial country data fetched and stored.
2025-02-06 11:50:45 [[32minfo[39m]: Server is running on http://localhost:5000
2025-02-06 11:50:48 [[32minfo[39m]: zdbbbbbbbbbbdd
2025-02-06 11:51:28 [[32minfo[39m]: Connecting to MongoDB...
2025-02-06 11:51:29 [[32minfo[39m]: Mongodb connection saccessfull !!!
2025-02-06 11:51:30 [[32minfo[39m]: Countries data already exists in the database!
2025-02-06 11:51:30 [[32minfo[39m]: Initial country data fetched and stored.
2025-02-06 11:51:30 [[32minfo[39m]: Server is running on http://localhost:5000
2025-02-06 11:51:33 [[32minfo[39m]: zdbbbbbbbbbbdd
2025-02-06 11:52:24 [[32minfo[39m]: Connecting to MongoDB...
2025-02-06 11:52:26 [[32minfo[39m]: Mongodb connection saccessfull !!!
2025-02-06 11:52:28 [[32minfo[39m]: Countries data already exists in the database!
2025-02-06 11:52:28 [[32minfo[39m]: Initial country data fetched and stored.
2025-02-06 11:52:28 [[32minfo[39m]: Server is running on http://localhost:5000
2025-02-06 11:52:32 [[32minfo[39m]: "zdbbbbbbbbbbd http://localhost:5000/reset-password?token=1115a7fb54e1f7dfa03f46b7aa32f1347bcd3ae9664cd932ef0417facf24252d
2025-02-06 11:54:21 [[32minfo[39m]: Connecting to MongoDB...
2025-02-06 11:54:23 [[32minfo[39m]: Mongodb connection saccessfull !!!
2025-02-06 11:54:23 [[32minfo[39m]: Countries data already exists in the database!
2025-02-06 11:54:23 [[32minfo[39m]: Initial country data fetched and stored.
2025-02-06 11:54:23 [[32minfo[39m]: Server is running on http://localhost:5000
2025-02-06 12:07:53 [[32minfo[39m]: Connecting to MongoDB...
2025-02-06 12:07:54 [[32minfo[39m]: Mongodb connection saccessfull !!!
2025-02-06 12:07:55 [[32minfo[39m]: Countries data already exists in the database!
2025-02-06 12:07:55 [[32minfo[39m]: Initial country data fetched and stored.
2025-02-06 12:07:55 [[32minfo[39m]: Server is running on http://localhost:5000
2025-02-06 12:09:16 [[32minfo[39m]: Connecting to MongoDB...
2025-02-06 12:09:18 [[32minfo[39m]: Mongodb connection saccessfull !!!
2025-02-06 12:09:23 [[32minfo[39m]: Connecting to MongoDB...
2025-02-06 12:09:24 [[32minfo[39m]: Mongodb connection saccessfull !!!
2025-02-06 12:09:25 [[32minfo[39m]: Countries data already exists in the database!
2025-02-06 12:09:25 [[32minfo[39m]: Initial country data fetched and stored.
2025-02-06 12:09:25 [[32minfo[39m]: Server is running on http://localhost:5000
2025-02-06 12:12:04 [[32minfo[39m]: Connecting to MongoDB...
2025-02-06 12:12:05 [[32minfo[39m]: Mongodb connection saccessfull !!!
2025-02-06 12:12:06 [[32minfo[39m]: Countries data already exists in the database!
2025-02-06 12:12:06 [[32minfo[39m]: Initial country data fetched and stored.
2025-02-06 12:12:06 [[32minfo[39m]: Server is running on http://localhost:5000
2025-02-06 12:16:45 [[32minfo[39m]: Connecting to MongoDB...
2025-02-06 12:16:47 [[32minfo[39m]: Mongodb connection saccessfull !!!
2025-02-06 12:16:47 [[32minfo[39m]: Countries data already exists in the database!
2025-02-06 12:16:47 [[32minfo[39m]: Initial country data fetched and stored.
2025-02-06 12:16:47 [[32minfo[39m]: Server is running on http://localhost:5000
2025-02-06 12:57:11 [[32minfo[39m]: Connecting to MongoDB...
2025-02-06 12:57:13 [[32minfo[39m]: Mongodb connection saccessfull !!!
2025-02-06 12:57:13 [[32minfo[39m]: Countries data already exists in the database!
2025-02-06 12:57:13 [[32minfo[39m]: Initial country data fetched and stored.
2025-02-06 12:57:13 [[32minfo[39m]: Server is running on http://localhost:5000
2025-02-06 13:16:22 [[32minfo[39m]: Connecting to MongoDB...
2025-02-06 13:16:24 [[32minfo[39m]: Mongodb connection saccessfull !!!
2025-02-06 13:16:24 [[32minfo[39m]: Countries data already exists in the database!
2025-02-06 13:16:24 [[32minfo[39m]: Initial country data fetched and stored.
2025-02-06 13:16:24 [[32minfo[39m]: Server is running on http://localhost:5000
2025-02-06 13:35:38 [[32minfo[39m]: Connecting to MongoDB...
2025-02-06 13:35:40 [[32minfo[39m]: Mongodb connection saccessfull !!!
2025-02-06 13:35:40 [[32minfo[39m]: Countries data already exists in the database!
2025-02-06 13:35:40 [[32minfo[39m]: Initial country data fetched and stored.
2025-02-06 13:35:40 [[32minfo[39m]: Server is running on http://localhost:5000
2025-02-06 13:38:28 [[32minfo[39m]: Connecting to MongoDB...
2025-02-06 13:38:29 [[32minfo[39m]: Mongodb connection saccessfull !!!
2025-02-06 13:38:30 [[32minfo[39m]: Countries data already exists in the database!
2025-02-06 13:38:30 [[32minfo[39m]: Initial country data fetched and stored.
2025-02-06 13:38:30 [[32minfo[39m]: Server is running on http://localhost:5000
2025-02-06 13:39:11 [[32minfo[39m]: Connecting to MongoDB...
2025-02-06 13:39:12 [[32minfo[39m]: Mongodb connection saccessfull !!!
2025-02-06 13:39:12 [[32minfo[39m]: Countries data already exists in the database!
2025-02-06 13:39:12 [[32minfo[39m]: Initial country data fetched and stored.
2025-02-06 13:39:12 [[32minfo[39m]: Server is running on http://localhost:5000
2025-02-06 13:39:56 [[32minfo[39m]: Connecting to MongoDB...
2025-02-06 13:39:57 [[32minfo[39m]: Mongodb connection saccessfull !!!
2025-02-06 13:39:58 [[32minfo[39m]: Countries data already exists in the database!
2025-02-06 13:39:58 [[32minfo[39m]: Initial country data fetched and stored.
2025-02-06 13:39:58 [[32minfo[39m]: Server is running on http://localhost:5000
2025-02-06 13:40:31 [[32minfo[39m]: Connecting to MongoDB...
2025-02-06 13:40:33 [[32minfo[39m]: Mongodb connection saccessfull !!!
2025-02-06 13:40:33 [[32minfo[39m]: Countries data already exists in the database!
2025-02-06 13:40:33 [[32minfo[39m]: Initial country data fetched and stored.
2025-02-06 13:40:33 [[32minfo[39m]: Server is running on http://localhost:5000
2025-02-06 13:41:53 [[32minfo[39m]: Connecting to MongoDB...
2025-02-06 13:41:54 [[32minfo[39m]: Mongodb connection saccessfull !!!
2025-02-06 13:41:55 [[32minfo[39m]: Countries data already exists in the database!
2025-02-06 13:41:55 [[32minfo[39m]: Initial country data fetched and stored.
2025-02-06 13:41:55 [[32minfo[39m]: Server is running on http://localhost:5000
2025-02-06 13:42:01 [[32minfo[39m]: Connecting to MongoDB...
2025-02-06 13:42:02 [[32minfo[39m]: Mongodb connection saccessfull !!!
2025-02-06 13:42:03 [[32minfo[39m]: Countries data already exists in the database!
2025-02-06 13:42:03 [[32minfo[39m]: Initial country data fetched and stored.
2025-02-06 13:42:03 [[32minfo[39m]: Server is running on http://localhost:5000
2025-02-06 13:47:40 [[32minfo[39m]: Connecting to MongoDB...
2025-02-06 13:47:41 [[32minfo[39m]: Mongodb connection saccessfull !!!
2025-02-06 13:47:42 [[32minfo[39m]: Countries data already exists in the database!
2025-02-06 13:47:42 [[32minfo[39m]: Initial country data fetched and stored.
2025-02-06 13:47:42 [[32minfo[39m]: Server is running on http://localhost:5000
2025-02-06 15:03:24 [[31merror[39m]: Error saving user to the database:
2025-02-06 15:16:30 [[31merror[39m]: Error saving user to the database:
2025-02-06 15:20:25 [[31merror[39m]: Error saving user to the database:
2025-02-06 15:24:13 [[32minfo[39m]: Connecting to MongoDB...
2025-02-06 15:24:15 [[32minfo[39m]: Mongodb connection saccessfull !!!
2025-02-06 15:24:15 [[32minfo[39m]: Countries data already exists in the database!
2025-02-06 15:24:15 [[32minfo[39m]: Initial country data fetched and stored.
2025-02-06 15:24:15 [[32minfo[39m]: Server is running on http://localhost:5000
2025-02-06 15:24:53 [[31merror[39m]: Error saving user to the database:
2025-02-06 15:29:26 [[32minfo[39m]: Connecting to MongoDB...
2025-02-06 15:29:27 [[32minfo[39m]: Mongodb connection saccessfull !!!
2025-02-06 15:29:28 [[32minfo[39m]: Countries data already exists in the database!
2025-02-06 15:29:28 [[32minfo[39m]: Initial country data fetched and stored.
2025-02-06 15:29:28 [[32minfo[39m]: Server is running on http://localhost:5000
2025-02-06 15:31:25 [[32minfo[39m]: Connecting to MongoDB...
2025-02-06 15:31:26 [[32minfo[39m]: Mongodb connection saccessfull !!!
2025-02-06 15:31:27 [[32minfo[39m]: Countries data already exists in the database!
2025-02-06 15:31:27 [[32minfo[39m]: Initial country data fetched and stored.
2025-02-06 15:31:27 [[32minfo[39m]: Server is running on http://localhost:5000
2025-02-06 15:31:39 [[32minfo[39m]: {
  firstName: 'John',
  lastName: 'Doe',
  username: 'john_doe123',
  email: 'john.doe@example.com',
  phone: '0512345678',
  profileImage: 'https://example.com/images/john_doe.jpg',
  password: 'SecurePass123!',
  accessLevel: 2,
  _id: new ObjectId('67a4b9bbeb56ab0aefaa29ba')
}
2025-02-06 15:31:39 [[31merror[39m]: Error saving user to the database:
2025-02-06 15:33:12 [[32minfo[39m]: Connecting to MongoDB...
2025-02-06 15:33:14 [[32minfo[39m]: Mongodb connection saccessfull !!!
2025-02-06 15:33:14 [[32minfo[39m]: Countries data already exists in the database!
2025-02-06 15:33:14 [[32minfo[39m]: Initial country data fetched and stored.
2025-02-06 15:33:14 [[32minfo[39m]: Server is running on http://localhost:5000
2025-02-06 15:38:06 [[32minfo[39m]: Connecting to MongoDB...
2025-02-06 15:38:07 [[32minfo[39m]: Mongodb connection saccessfull !!!
2025-02-06 15:38:08 [[32minfo[39m]: Countries data already exists in the database!
2025-02-06 15:38:08 [[32minfo[39m]: Initial country data fetched and stored.
2025-02-06 15:38:08 [[32minfo[39m]: Server is running on http://localhost:5000
2025-02-06 15:42:37 [[32minfo[39m]: Connecting to MongoDB...
2025-02-06 15:42:38 [[32minfo[39m]: Mongodb connection saccessfull !!!
2025-02-06 15:42:39 [[32minfo[39m]: Countries data already exists in the database!
2025-02-06 15:42:39 [[32minfo[39m]: Initial country data fetched and stored.
2025-02-06 15:42:39 [[32minfo[39m]: Server is running on http://localhost:5000
2025-02-06 15:43:36 [[31merror[39m]: Error saving user to the database: E11000 duplicate key error collection: CountryManagement_db.users index: username_1 dup key: { username: "john_doe123" }
2025-02-06 15:45:10 [[32minfo[39m]: User successfully added!
2025-02-06 15:46:07 [[32minfo[39m]: Connecting to MongoDB...
2025-02-06 15:46:09 [[32minfo[39m]: Mongodb connection saccessfull !!!
2025-02-06 15:46:10 [[32minfo[39m]: Countries data already exists in the database!
2025-02-06 15:46:10 [[32minfo[39m]: Initial country data fetched and stored.
2025-02-06 15:46:10 [[32minfo[39m]: Server is running on http://localhost:5000
2025-02-06 15:46:32 [[32minfo[39m]: Connecting to MongoDB...
2025-02-06 15:46:33 [[32minfo[39m]: Mongodb connection saccessfull !!!
2025-02-06 15:46:34 [[32minfo[39m]: Countries data already exists in the database!
2025-02-06 15:46:34 [[32minfo[39m]: Initial country data fetched and stored.
2025-02-06 15:46:34 [[32minfo[39m]: Server is running on http://localhost:5000
2025-02-06 15:49:13 [[32minfo[39m]: Connecting to MongoDB...
2025-02-06 15:49:14 [[32minfo[39m]: Mongodb connection saccessfull !!!
2025-02-06 15:49:15 [[32minfo[39m]: Countries data already exists in the database!
2025-02-06 15:49:15 [[32minfo[39m]: Initial country data fetched and stored.
2025-02-06 15:49:15 [[32minfo[39m]: Server is running on http://localhost:5000
2025-02-06 15:49:16 [[31merror[39m]: Error saving user to the database: E11000 duplicate key error collection: CountryManagement_db.users index: username_1 dup key: { username: "john_doe1111" }
2025-02-06 15:49:26 [[31merror[39m]: Error saving user to the database: E11000 duplicate key error collection: CountryManagement_db.users index: email_1 dup key: { email: "john.doe@example.com" }
2025-02-06 15:49:35 [[32minfo[39m]: User successfully added!
2025-02-06 15:50:01 [[32minfo[39m]: Connecting to MongoDB...
2025-02-06 15:50:03 [[32minfo[39m]: Mongodb connection saccessfull !!!
2025-02-06 15:50:03 [[32minfo[39m]: Countries data already exists in the database!
2025-02-06 15:50:03 [[32minfo[39m]: Initial country data fetched and stored.
2025-02-06 15:50:03 [[32minfo[39m]: Server is running on http://localhost:5000
2025-02-06 15:50:09 [[32minfo[39m]: Connecting to MongoDB...
2025-02-06 15:50:11 [[32minfo[39m]: Mongodb connection saccessfull !!!
2025-02-06 15:50:11 [[32minfo[39m]: Countries data already exists in the database!
2025-02-06 15:50:11 [[32minfo[39m]: Initial country data fetched and stored.
2025-02-06 15:50:11 [[32minfo[39m]: Server is running on http://localhost:5000
2025-02-06 15:50:14 [[31merror[39m]: Error saving user to the database:
2025-02-06 15:50:48 [[32minfo[39m]: Connecting to MongoDB...
2025-02-06 15:50:49 [[32minfo[39m]: Mongodb connection saccessfull !!!
2025-02-06 15:50:50 [[32minfo[39m]: Countries data already exists in the database!
2025-02-06 15:50:50 [[32minfo[39m]: Initial country data fetched and stored.
2025-02-06 15:50:50 [[32minfo[39m]: Server is running on http://localhost:5000
2025-02-06 15:50:51 [[31merror[39m]: Error saving user to the database: E11000 duplicate key error collection: CountryManagement_db.users index: username_1 dup key: { username: "john_doe1111222" }
2025-02-06 15:51:41 [[32minfo[39m]: User successfully added!
2025-02-09 09:41:24 [[32minfo[39m]: Connecting to MongoDB...
2025-02-09 09:41:26 [[32minfo[39m]: Mongodb connection saccessfull !!!
2025-02-09 09:41:26 [[32minfo[39m]: Countries data already exists in the database!
2025-02-09 09:41:26 [[32minfo[39m]: Initial country data fetched and stored.
2025-02-09 09:41:26 [[32minfo[39m]: Server is running on http://localhost:5000
2025-02-09 09:48:19 [[32minfo[39m]: Connecting to MongoDB...
2025-02-09 09:48:20 [[32minfo[39m]: Mongodb connection saccessfull !!!
2025-02-09 09:48:21 [[32minfo[39m]: Countries data already exists in the database!
2025-02-09 09:48:21 [[32minfo[39m]: Initial country data fetched and stored.
2025-02-09 09:48:21 [[32minfo[39m]: Server is running on http://localhost:5000
2025-02-09 09:48:55 [[32minfo[39m]: User successfully added!
2025-02-09 10:04:14 [[32minfo[39m]: Connecting to MongoDB...
2025-02-09 10:04:16 [[32minfo[39m]: Mongodb connection saccessfull !!!
2025-02-09 10:04:16 [[32minfo[39m]: Countries data already exists in the database!
2025-02-09 10:04:16 [[32minfo[39m]: Initial country data fetched and stored.
2025-02-09 10:04:16 [[32minfo[39m]: Server is running on http://localhost:5000
2025-02-09 10:06:37 [[32minfo[39m]: Connecting to MongoDB...
2025-02-09 10:06:39 [[32minfo[39m]: Mongodb connection saccessfull !!!
2025-02-09 10:06:39 [[32minfo[39m]: Countries data already exists in the database!
2025-02-09 10:06:39 [[32minfo[39m]: Initial country data fetched and stored.
2025-02-09 10:06:39 [[32minfo[39m]: Server is running on http://localhost:5000
2025-02-09 10:06:50 [[32minfo[39m]: Connecting to MongoDB...
2025-02-09 10:06:51 [[32minfo[39m]: Mongodb connection saccessfull !!!
2025-02-09 10:06:52 [[32minfo[39m]: Countries data already exists in the database!
2025-02-09 10:06:52 [[32minfo[39m]: Initial country data fetched and stored.
2025-02-09 10:06:52 [[32minfo[39m]: Server is running on http://localhost:5000
2025-02-09 10:09:14 [[32minfo[39m]: Connecting to MongoDB...
2025-02-09 10:09:15 [[32minfo[39m]: Mongodb connection saccessfull !!!
2025-02-09 10:09:16 [[32minfo[39m]: Countries data already exists in the database!
2025-02-09 10:09:16 [[32minfo[39m]: Initial country data fetched and stored.
2025-02-09 10:09:16 [[32minfo[39m]: Server is running on http://localhost:5000
2025-02-09 11:04:24 [[32minfo[39m]: Connecting to MongoDB...
2025-02-09 11:04:26 [[32minfo[39m]: Mongodb connection saccessfull !!!
2025-02-09 11:04:26 [[32minfo[39m]: Countries data already exists in the database!
2025-02-09 11:04:26 [[32minfo[39m]: Initial country data fetched and stored.
2025-02-09 11:04:26 [[32minfo[39m]: Server is running on http://localhost:5000
2025-02-09 11:09:31 [[32minfo[39m]: Connecting to MongoDB...
2025-02-09 11:09:33 [[32minfo[39m]: Mongodb connection saccessfull !!!
2025-02-09 11:09:33 [[32minfo[39m]: Countries data already exists in the database!
2025-02-09 11:09:33 [[32minfo[39m]: Initial country data fetched and stored.
2025-02-09 11:09:33 [[32minfo[39m]: Server is running on http://localhost:5000
2025-02-09 11:24:33 [[32minfo[39m]: Connecting to MongoDB...
2025-02-09 11:24:35 [[32minfo[39m]: Mongodb connection saccessfull !!!
2025-02-09 11:24:35 [[32minfo[39m]: Countries data already exists in the database!
2025-02-09 11:24:35 [[32minfo[39m]: Initial country data fetched and stored.
2025-02-09 11:24:35 [[32minfo[39m]: Server is running on http://localhost:5000
2025-02-09 11:42:53 [[32minfo[39m]: Connecting to MongoDB...
2025-02-09 11:42:55 [[32minfo[39m]: Mongodb connection saccessfull !!!
2025-02-09 11:42:55 [[32minfo[39m]: Countries data already exists in the database!
2025-02-09 11:42:55 [[32minfo[39m]: Initial country data fetched and stored.
2025-02-09 11:42:55 [[32minfo[39m]: Server is running on http://localhost:5000
2025-02-09 12:07:33 [[32minfo[39m]: Connecting to MongoDB...
2025-02-09 12:07:34 [[32minfo[39m]: Mongodb connection saccessfull !!!
2025-02-09 12:07:35 [[32minfo[39m]: Countries data already exists in the database!
2025-02-09 12:07:35 [[32minfo[39m]: Initial country data fetched and stored.
2025-02-09 12:07:35 [[32minfo[39m]: Server is running on http://localhost:5000
2025-02-09 13:12:52 [[32minfo[39m]: Connecting to MongoDB...
2025-02-09 13:12:53 [[32minfo[39m]: Mongodb connection saccessfull !!!
2025-02-09 13:12:54 [[32minfo[39m]: Countries data already exists in the database!
2025-02-09 13:12:54 [[32minfo[39m]: Initial country data fetched and stored.
2025-02-09 13:12:54 [[32minfo[39m]: Server is running on http://localhost:5000
2025-02-09 13:12:57 [[32minfo[39m]: Connecting to MongoDB...
2025-02-09 13:12:58 [[32minfo[39m]: Mongodb connection saccessfull !!!
2025-02-09 13:12:59 [[32minfo[39m]: Countries data already exists in the database!
2025-02-09 13:12:59 [[32minfo[39m]: Initial country data fetched and stored.
2025-02-09 13:12:59 [[32minfo[39m]: Server is running on http://localhost:5000
2025-02-09 13:13:52 [[32minfo[39m]: Connecting to MongoDB...
2025-02-09 13:13:53 [[32minfo[39m]: Mongodb connection saccessfull !!!
2025-02-09 13:13:54 [[32minfo[39m]: Countries data already exists in the database!
2025-02-09 13:13:54 [[32minfo[39m]: Initial country data fetched and stored.
2025-02-09 13:13:54 [[32minfo[39m]: Server is running on http://localhost:5000
2025-02-09 13:18:10 [[32minfo[39m]: Connecting to MongoDB...
2025-02-09 13:18:12 [[32minfo[39m]: Mongodb connection saccessfull !!!
2025-02-09 13:18:12 [[32minfo[39m]: Countries data already exists in the database!
2025-02-09 13:18:12 [[32minfo[39m]: Initial country data fetched and stored.
2025-02-09 13:18:12 [[32minfo[39m]: Server is running on http://localhost:5000
2025-02-09 13:25:24 [[32minfo[39m]: Connecting to MongoDB...
2025-02-09 13:25:26 [[32minfo[39m]: Mongodb connection saccessfull !!!
2025-02-09 13:25:26 [[32minfo[39m]: Countries data already exists in the database!
2025-02-09 13:25:26 [[32minfo[39m]: Initial country data fetched and stored.
2025-02-09 13:25:26 [[32minfo[39m]: Server is running on http://localhost:5000
2025-02-09 13:36:32 [[32minfo[39m]: Connecting to MongoDB...
2025-02-09 13:36:34 [[32minfo[39m]: Mongodb connection saccessfull !!!
2025-02-09 13:36:34 [[32minfo[39m]: Countries data already exists in the database!
2025-02-09 13:36:34 [[32minfo[39m]: Initial country data fetched and stored.
2025-02-09 13:36:34 [[32minfo[39m]: Server is running on http://localhost:5000
2025-02-09 13:36:49 [[32minfo[39m]: Connecting to MongoDB...
2025-02-09 13:36:50 [[32minfo[39m]: Mongodb connection saccessfull !!!
2025-02-09 13:36:51 [[32minfo[39m]: Countries data already exists in the database!
2025-02-09 13:36:51 [[32minfo[39m]: Initial country data fetched and stored.
2025-02-09 13:36:51 [[32minfo[39m]: Server is running on http://localhost:5000
2025-02-09 14:24:38 [[32minfo[39m]: Connecting to MongoDB...
2025-02-09 14:24:40 [[32minfo[39m]: Mongodb connection saccessfull !!!
2025-02-09 14:24:40 [[32minfo[39m]: Countries data already exists in the database!
2025-02-09 14:24:40 [[32minfo[39m]: Initial country data fetched and stored.
2025-02-09 14:24:40 [[32minfo[39m]: Server is running on http://localhost:5000
2025-02-09 15:11:20 [[32minfo[39m]: Connecting to MongoDB...
2025-02-09 15:11:22 [[32minfo[39m]: Mongodb connection saccessfull !!!
2025-02-09 15:11:23 [[32minfo[39m]: Countries data already exists in the database!
2025-02-09 15:11:23 [[32minfo[39m]: Initial country data fetched and stored.
2025-02-09 15:11:23 [[32minfo[39m]: Server is running on http://localhost:5000
2025-02-09 15:11:26 [[32minfo[39m]: User successfully added!
2025-02-09 15:24:08 [[32minfo[39m]: Connecting to MongoDB...
2025-02-09 15:24:10 [[32minfo[39m]: Mongodb connection saccessfull !!!
2025-02-09 15:24:10 [[32minfo[39m]: Countries data already exists in the database!
2025-02-09 15:24:10 [[32minfo[39m]: Initial country data fetched and stored.
2025-02-09 15:24:10 [[32minfo[39m]: Server is running on http://localhost:5000
2025-02-09 15:34:26 [[32minfo[39m]: Connecting to MongoDB...
2025-02-09 15:34:28 [[32minfo[39m]: Mongodb connection saccessfull !!!
2025-02-09 15:34:28 [[32minfo[39m]: Countries data already exists in the database!
2025-02-09 15:34:28 [[32minfo[39m]: Initial country data fetched and stored.
2025-02-09 15:34:28 [[32minfo[39m]: Server is running on http://localhost:5000
2025-02-09 15:35:07 [[32minfo[39m]: Connecting to MongoDB...
2025-02-09 15:35:09 [[32minfo[39m]: Mongodb connection saccessfull !!!
2025-02-09 15:35:09 [[32minfo[39m]: Countries data already exists in the database!
2025-02-09 15:35:09 [[32minfo[39m]: Initial country data fetched and stored.
2025-02-09 15:35:09 [[32minfo[39m]: Server is running on http://localhost:5000
2025-02-09 15:37:29 [[31merror[39m]: Error saving user to the database: User validation failed: password: Path `password` is required., phone: Path `phone` is required., email: Path `email` is required., username: Path `username` is required., lastName: Path `lastName` is required., firstName: Path `firstName` is required.
2025-02-09 15:38:18 [[31merror[39m]: Error saving user to the database: E11000 duplicate key error collection: CountryManagement_db.users index: username_1 dup key: { username: "john_doe1" }
2025-02-09 15:38:40 [[32minfo[39m]: User successfully added!
2025-02-09 15:44:51 [[31merror[39m]: Error saving user to the database: User validation failed: password: Path `password` is required., phone: Path `phone` is required., email: Path `email` is required., username: Path `username` is required., lastName: Path `lastName` is required., firstName: Path `firstName` is required., profileImage: Profile image must be a valid image URL (jpg, jpeg, png, gif).
2025-02-09 15:46:48 [[32minfo[39m]: Connecting to MongoDB...
2025-02-09 15:46:50 [[32minfo[39m]: Mongodb connection saccessfull !!!
2025-02-09 15:46:50 [[32minfo[39m]: Countries data already exists in the database!
2025-02-09 15:46:50 [[32minfo[39m]: Initial country data fetched and stored.
2025-02-09 15:46:50 [[32minfo[39m]: Server is running on http://localhost:5000
2025-02-09 15:46:55 [[31merror[39m]: Error saving user to the database: User validation failed: password: Path `password` is required., phone: Path `phone` is required., email: Path `email` is required., username: Path `username` is required., lastName: Path `lastName` is required., firstName: Path `firstName` is required.
2025-02-09 15:52:13 [[32minfo[39m]: Connecting to MongoDB...
2025-02-09 15:52:15 [[32minfo[39m]: Mongodb connection saccessfull !!!
2025-02-09 15:52:15 [[32minfo[39m]: Countries data already exists in the database!
2025-02-09 15:52:15 [[32minfo[39m]: Initial country data fetched and stored.
2025-02-09 15:52:15 [[32minfo[39m]: Server is running on http://localhost:5000
2025-02-09 16:40:13 [[32minfo[39m]: Connecting to MongoDB...
2025-02-09 16:40:15 [[32minfo[39m]: Mongodb connection saccessfull !!!
2025-02-09 16:40:15 [[32minfo[39m]: Countries data already exists in the database!
2025-02-09 16:40:15 [[32minfo[39m]: Initial country data fetched and stored.
2025-02-09 16:40:15 [[32minfo[39m]: Server is running on http://localhost:5000
2025-02-09 16:41:52 [[32minfo[39m]: Connecting to MongoDB...
2025-02-09 16:41:54 [[32minfo[39m]: Mongodb connection saccessfull !!!
2025-02-09 16:41:55 [[32minfo[39m]: Countries data already exists in the database!
2025-02-09 16:41:55 [[32minfo[39m]: Initial country data fetched and stored.
2025-02-09 16:41:55 [[32minfo[39m]: Server is running on http://localhost:5000
2025-02-09 16:48:04 [[32minfo[39m]: Connecting to MongoDB...
2025-02-09 16:48:06 [[32minfo[39m]: Mongodb connection saccessfull !!!
2025-02-09 16:48:06 [[32minfo[39m]: Countries data already exists in the database!
2025-02-09 16:48:06 [[32minfo[39m]: Initial country data fetched and stored.
2025-02-09 16:48:06 [[32minfo[39m]: Server is running on http://localhost:5000
2025-02-09 16:50:24 [[32minfo[39m]: Connecting to MongoDB...
2025-02-09 16:50:25 [[32minfo[39m]: Mongodb connection saccessfull !!!
2025-02-09 16:50:26 [[32minfo[39m]: Countries data already exists in the database!
2025-02-09 16:50:26 [[32minfo[39m]: Initial country data fetched and stored.
2025-02-09 16:50:26 [[32minfo[39m]: Server is running on http://localhost:5000
2025-02-09 17:45:21 [[32minfo[39m]: Connecting to MongoDB...
2025-02-09 17:45:22 [[32minfo[39m]: Mongodb connection saccessfull !!!
2025-02-09 17:45:23 [[32minfo[39m]: Countries data already exists in the database!
2025-02-09 17:45:23 [[32minfo[39m]: Initial country data fetched and stored.
2025-02-09 17:45:23 [[32minfo[39m]: Server is running on http://localhost:5000
2025-02-09 17:47:55 [[32minfo[39m]: Connecting to MongoDB...
2025-02-09 17:47:57 [[32minfo[39m]: Mongodb connection saccessfull !!!
2025-02-09 17:47:58 [[32minfo[39m]: Countries data already exists in the database!
2025-02-09 17:47:58 [[32minfo[39m]: Initial country data fetched and stored.
2025-02-09 17:47:58 [[32minfo[39m]: Server is running on http://localhost:5000
2025-02-09 17:48:30 [[32minfo[39m]: Connecting to MongoDB...
2025-02-09 17:48:32 [[32minfo[39m]: Mongodb connection saccessfull !!!
2025-02-09 17:48:32 [[32minfo[39m]: Countries data already exists in the database!
2025-02-09 17:48:32 [[32minfo[39m]: Initial country data fetched and stored.
2025-02-09 17:48:32 [[32minfo[39m]: Server is running on http://localhost:5000
2025-02-09 17:50:48 [[32minfo[39m]: Connecting to MongoDB...
2025-02-09 17:50:50 [[32minfo[39m]: Mongodb connection saccessfull !!!
2025-02-09 17:50:51 [[32minfo[39m]: Countries data already exists in the database!
2025-02-09 17:50:51 [[32minfo[39m]: Initial country data fetched and stored.
2025-02-09 17:50:51 [[32minfo[39m]: Server is running on http://localhost:5000
2025-02-09 18:19:02 [[32minfo[39m]: Connecting to MongoDB...
2025-02-09 18:19:04 [[32minfo[39m]: Mongodb connection saccessfull !!!
2025-02-09 18:19:04 [[32minfo[39m]: Countries data already exists in the database!
2025-02-09 18:19:04 [[32minfo[39m]: Initial country data fetched and stored.
2025-02-09 18:19:04 [[32minfo[39m]: Server is running on http://localhost:5000
2025-02-10 08:46:42 [[32minfo[39m]: Connecting to MongoDB...
2025-02-10 08:46:43 [[32minfo[39m]: Mongodb connection saccessfull !!!
2025-02-10 08:46:44 [[32minfo[39m]: Countries data already exists in the database!
2025-02-10 08:46:44 [[32minfo[39m]: Initial country data fetched and stored.
2025-02-10 08:46:44 [[32minfo[39m]: Server is running on http://localhost:5000
2025-02-10 08:57:14 [[32minfo[39m]: Connecting to MongoDB...
2025-02-10 08:57:16 [[32minfo[39m]: Mongodb connection saccessfull !!!
2025-02-10 08:57:17 [[32minfo[39m]: Countries data already exists in the database!
2025-02-10 08:57:17 [[32minfo[39m]: Initial country data fetched and stored.
2025-02-10 08:57:17 [[32minfo[39m]: Server is running on http://localhost:5000
2025-02-10 08:59:00 [[32minfo[39m]: Connecting to MongoDB...
2025-02-10 08:59:02 [[32minfo[39m]: Mongodb connection saccessfull !!!
2025-02-10 08:59:03 [[32minfo[39m]: Countries data already exists in the database!
2025-02-10 08:59:03 [[32minfo[39m]: Initial country data fetched and stored.
2025-02-10 08:59:03 [[32minfo[39m]: Server is running on http://localhost:5000
2025-02-10 09:02:21 [[32minfo[39m]: Connecting to MongoDB...
2025-02-10 09:02:23 [[32minfo[39m]: Mongodb connection saccessfull !!!
2025-02-10 09:02:24 [[32minfo[39m]: Countries data already exists in the database!
2025-02-10 09:02:24 [[32minfo[39m]: Initial country data fetched and stored.
2025-02-10 09:02:24 [[32minfo[39m]: Server is running on http://localhost:5000
2025-02-10 09:02:36 [[32minfo[39m]: Connecting to MongoDB...
2025-02-10 09:02:37 [[32minfo[39m]: Mongodb connection saccessfull !!!
2025-02-10 09:02:38 [[32minfo[39m]: Countries data already exists in the database!
2025-02-10 09:02:38 [[32minfo[39m]: Initial country data fetched and stored.
2025-02-10 09:02:38 [[32minfo[39m]: Server is running on http://localhost:5000
2025-02-10 09:15:02 [[31merror[39m]: Error saving user to the database: User validation failed: password: Path `password` is required., phone: Path `phone` is required., email: Path `email` is required., username: Path `username` is required., lastName: Path `lastName` is required., firstName: Path `firstName` is required.
2025-02-10 09:27:32 [[32minfo[39m]: Connecting to MongoDB...
2025-02-10 09:27:34 [[32minfo[39m]: Mongodb connection saccessfull !!!
2025-02-10 09:27:35 [[32minfo[39m]: Countries data already exists in the database!
2025-02-10 09:27:35 [[32minfo[39m]: Initial country data fetched and stored.
2025-02-10 09:27:35 [[32minfo[39m]: Server is running on http://localhost:5000
2025-02-10 09:33:16 [[32minfo[39m]: Connecting to MongoDB...
2025-02-10 09:33:17 [[32minfo[39m]: Mongodb connection saccessfull !!!
2025-02-10 09:33:18 [[32minfo[39m]: Countries data already exists in the database!
2025-02-10 09:33:18 [[32minfo[39m]: Initial country data fetched and stored.
2025-02-10 09:33:18 [[32minfo[39m]: Server is running on http://localhost:5000
2025-02-10 09:36:10 [[32minfo[39m]: Connecting to MongoDB...
2025-02-10 09:36:12 [[32minfo[39m]: Mongodb connection saccessfull !!!
2025-02-10 09:36:12 [[32minfo[39m]: Countries data already exists in the database!
2025-02-10 09:36:12 [[32minfo[39m]: Initial country data fetched and stored.
2025-02-10 09:36:12 [[32minfo[39m]: Server is running on http://localhost:5000
2025-02-10 09:36:28 [[32minfo[39m]: Connecting to MongoDB...
2025-02-10 09:36:29 [[32minfo[39m]: Mongodb connection saccessfull !!!
2025-02-10 09:36:30 [[32minfo[39m]: Countries data already exists in the database!
2025-02-10 09:36:30 [[32minfo[39m]: Initial country data fetched and stored.
2025-02-10 09:36:30 [[32minfo[39m]: Server is running on http://localhost:5000
2025-02-10 09:43:39 [[32minfo[39m]: Connecting to MongoDB...
2025-02-10 09:43:41 [[32minfo[39m]: Mongodb connection saccessfull !!!
2025-02-10 09:43:41 [[32minfo[39m]: Countries data already exists in the database!
2025-02-10 09:43:41 [[32minfo[39m]: Initial country data fetched and stored.
2025-02-10 09:43:41 [[32minfo[39m]: Server is running on http://localhost:5000
2025-02-10 09:49:45 [[32minfo[39m]: Connecting to MongoDB...
2025-02-10 09:49:46 [[32minfo[39m]: Mongodb connection saccessfull !!!
2025-02-10 09:49:47 [[32minfo[39m]: Countries data already exists in the database!
2025-02-10 09:49:47 [[32minfo[39m]: Initial country data fetched and stored.
2025-02-10 09:49:47 [[32minfo[39m]: Server is running on http://localhost:5000
2025-02-10 09:53:07 [[32minfo[39m]: Connecting to MongoDB...
2025-02-10 09:53:10 [[32minfo[39m]: Connecting to MongoDB...
2025-02-10 09:53:12 [[32minfo[39m]: Mongodb connection saccessfull !!!
2025-02-10 09:53:12 [[32minfo[39m]: Countries data already exists in the database!
2025-02-10 09:53:12 [[32minfo[39m]: Initial country data fetched and stored.
2025-02-10 09:53:12 [[32minfo[39m]: Server is running on http://localhost:5000
2025-02-10 09:54:28 [[32minfo[39m]: Connecting to MongoDB...
2025-02-10 09:54:29 [[32minfo[39m]: Mongodb connection saccessfull !!!
2025-02-10 09:54:30 [[32minfo[39m]: Countries data already exists in the database!
2025-02-10 09:54:30 [[32minfo[39m]: Initial country data fetched and stored.
2025-02-10 09:54:30 [[32minfo[39m]: Server is running on http://localhost:5000
2025-02-10 09:54:38 [[32minfo[39m]: Connecting to MongoDB...
2025-02-10 09:54:39 [[32minfo[39m]: Mongodb connection saccessfull !!!
2025-02-10 09:54:39 [[32minfo[39m]: Countries data already exists in the database!
2025-02-10 09:54:39 [[32minfo[39m]: Initial country data fetched and stored.
2025-02-10 09:54:39 [[32minfo[39m]: Server is running on http://localhost:5000
2025-02-10 09:55:38 [[32minfo[39m]: Connecting to MongoDB...
2025-02-10 09:55:40 [[32minfo[39m]: Mongodb connection saccessfull !!!
2025-02-10 09:55:40 [[32minfo[39m]: Countries data already exists in the database!
2025-02-10 09:55:40 [[32minfo[39m]: Initial country data fetched and stored.
2025-02-10 09:55:40 [[32minfo[39m]: Server is running on http://localhost:5000
2025-02-10 09:55:56 [[32minfo[39m]: Connecting to MongoDB...
2025-02-10 09:55:58 [[32minfo[39m]: Mongodb connection saccessfull !!!
2025-02-10 09:55:59 [[32minfo[39m]: Countries data already exists in the database!
2025-02-10 09:55:59 [[32minfo[39m]: Initial country data fetched and stored.
2025-02-10 09:55:59 [[32minfo[39m]: Server is running on http://localhost:5000
2025-02-10 10:00:20 [[32minfo[39m]: Connecting to MongoDB...
2025-02-10 10:00:21 [[32minfo[39m]: Mongodb connection saccessfull !!!
2025-02-10 10:00:22 [[32minfo[39m]: Countries data already exists in the database!
2025-02-10 10:00:22 [[32minfo[39m]: Initial country data fetched and stored.
2025-02-10 10:00:22 [[32minfo[39m]: Server is running on http://localhost:5000
2025-02-10 10:05:39 [[32minfo[39m]: Connecting to MongoDB...
2025-02-10 10:05:41 [[32minfo[39m]: Mongodb connection saccessfull !!!
2025-02-10 10:05:42 [[32minfo[39m]: Countries data already exists in the database!
2025-02-10 10:05:42 [[32minfo[39m]: Initial country data fetched and stored.
2025-02-10 10:05:42 [[32minfo[39m]: Server is running on http://localhost:5000
2025-02-10 10:06:54 [[32minfo[39m]: Connecting to MongoDB...
2025-02-10 10:06:56 [[32minfo[39m]: Mongodb connection saccessfull !!!
2025-02-10 10:06:56 [[32minfo[39m]: Countries data already exists in the database!
2025-02-10 10:06:56 [[32minfo[39m]: Initial country data fetched and stored.
2025-02-10 10:06:56 [[32minfo[39m]: Server is running on http://localhost:5000
2025-02-10 10:08:36 [[32minfo[39m]: Connecting to MongoDB...
2025-02-10 10:08:37 [[32minfo[39m]: Mongodb connection saccessfull !!!
2025-02-10 10:08:38 [[32minfo[39m]: Countries data already exists in the database!
2025-02-10 10:08:38 [[32minfo[39m]: Initial country data fetched and stored.
2025-02-10 10:08:38 [[32minfo[39m]: Server is running on http://localhost:5000
2025-02-10 10:09:47 [[32minfo[39m]: Connecting to MongoDB...
2025-02-10 10:09:48 [[32minfo[39m]: Mongodb connection saccessfull !!!
2025-02-10 10:09:49 [[32minfo[39m]: Countries data already exists in the database!
2025-02-10 10:09:49 [[32minfo[39m]: Initial country data fetched and stored.
2025-02-10 10:09:49 [[32minfo[39m]: Server is running on http://localhost:5000
2025-02-10 10:09:57 [[32minfo[39m]: Connecting to MongoDB...
2025-02-10 10:09:58 [[32minfo[39m]: Mongodb connection saccessfull !!!
2025-02-10 10:09:59 [[32minfo[39m]: Countries data already exists in the database!
2025-02-10 10:09:59 [[32minfo[39m]: Initial country data fetched and stored.
2025-02-10 10:09:59 [[32minfo[39m]: Server is running on http://localhost:5000
2025-02-10 10:50:51 [[32minfo[39m]: Connecting to MongoDB...
2025-02-10 10:50:53 [[32minfo[39m]: Mongodb connection saccessfull !!!
2025-02-10 10:50:54 [[32minfo[39m]: Countries data already exists in the database!
2025-02-10 10:50:54 [[32minfo[39m]: Initial country data fetched and stored.
2025-02-10 10:50:54 [[32minfo[39m]: Server is running on http://localhost:5000
2025-02-10 11:13:30 [[32minfo[39m]: Connecting to MongoDB...
2025-02-10 11:13:32 [[32minfo[39m]: Mongodb connection saccessfull !!!
2025-02-10 11:13:33 [[32minfo[39m]: Countries data already exists in the database!
2025-02-10 11:13:33 [[32minfo[39m]: Initial country data fetched and stored.
2025-02-10 11:13:33 [[32minfo[39m]: Server is running on http://localhost:5000
2025-02-10 11:14:44 [[32minfo[39m]: Connecting to MongoDB...
2025-02-10 11:14:45 [[32minfo[39m]: Mongodb connection saccessfull !!!
2025-02-10 11:14:46 [[32minfo[39m]: Countries data already exists in the database!
2025-02-10 11:14:46 [[32minfo[39m]: Initial country data fetched and stored.
2025-02-10 11:14:46 [[32minfo[39m]: Server is running on http://localhost:5000
2025-02-10 11:15:58 [[32minfo[39m]: Connecting to MongoDB...
2025-02-10 11:15:59 [[32minfo[39m]: Mongodb connection saccessfull !!!
2025-02-10 11:16:00 [[32minfo[39m]: Countries data already exists in the database!
2025-02-10 11:16:00 [[32minfo[39m]: Initial country data fetched and stored.
2025-02-10 11:16:00 [[32minfo[39m]: Server is running on http://localhost:5000
2025-02-10 11:17:21 [[32minfo[39m]: Connecting to MongoDB...
2025-02-10 11:17:23 [[32minfo[39m]: Mongodb connection saccessfull !!!
2025-02-10 11:17:23 [[32minfo[39m]: Countries data already exists in the database!
2025-02-10 11:17:23 [[32minfo[39m]: Initial country data fetched and stored.
2025-02-10 11:17:23 [[32minfo[39m]: Server is running on http://localhost:5000
2025-02-10 11:22:32 [[32minfo[39m]: Connecting to MongoDB...
2025-02-10 11:22:34 [[32minfo[39m]: Mongodb connection saccessfull !!!
2025-02-10 11:22:34 [[32minfo[39m]: Countries data already exists in the database!
2025-02-10 11:22:34 [[32minfo[39m]: Initial country data fetched and stored.
2025-02-10 11:22:34 [[32minfo[39m]: Server is running on http://localhost:5000
2025-02-10 11:22:42 [[31merror[39m]: Error saving user to the database: E11000 duplicate key error collection: CountryManagement_db.users index: username_1 dup key: { username: "Gonsn" }
2025-02-10 11:26:36 [[32minfo[39m]: Connecting to MongoDB...
2025-02-10 11:26:38 [[32minfo[39m]: Mongodb connection saccessfull !!!
2025-02-10 11:26:38 [[32minfo[39m]: Countries data already exists in the database!
2025-02-10 11:26:38 [[32minfo[39m]: Initial country data fetched and stored.
2025-02-10 11:26:38 [[32minfo[39m]: Server is running on http://localhost:5000
2025-02-10 11:30:05 [[32minfo[39m]: Connecting to MongoDB...
2025-02-10 11:30:06 [[32minfo[39m]: Mongodb connection saccessfull !!!
2025-02-10 11:30:07 [[32minfo[39m]: Countries data already exists in the database!
2025-02-10 11:30:07 [[32minfo[39m]: Initial country data fetched and stored.
2025-02-10 11:30:07 [[32minfo[39m]: Server is running on http://localhost:5000
2025-02-10 11:34:19 [[32minfo[39m]: Connecting to MongoDB...
2025-02-10 11:34:21 [[32minfo[39m]: Mongodb connection saccessfull !!!
2025-02-10 11:34:21 [[32minfo[39m]: Countries data already exists in the database!
2025-02-10 11:34:21 [[32minfo[39m]: Initial country data fetched and stored.
2025-02-10 11:34:21 [[32minfo[39m]: Server is running on http://localhost:5000
2025-02-10 11:39:19 [[32minfo[39m]: User successfully registered!
2025-02-10 11:50:59 [[32minfo[39m]: Connecting to MongoDB...
2025-02-10 11:51:01 [[32minfo[39m]: Mongodb connection saccessfull !!!
2025-02-10 11:51:01 [[32minfo[39m]: Countries data already exists in the database!
2025-02-10 11:51:01 [[32minfo[39m]: Initial country data fetched and stored.
2025-02-10 11:51:01 [[32minfo[39m]: Server is running on http://localhost:5000
2025-02-10 12:11:34 [[32minfo[39m]: Connecting to MongoDB...
2025-02-10 12:11:36 [[32minfo[39m]: Mongodb connection saccessfull !!!
2025-02-10 12:11:36 [[32minfo[39m]: Countries data already exists in the database!
2025-02-10 12:11:36 [[32minfo[39m]: Initial country data fetched and stored.
2025-02-10 12:11:36 [[32minfo[39m]: Server is running on http://localhost:5000
2025-02-10 12:13:52 [[32minfo[39m]: User successfully registered!
2025-02-10 12:14:23 [[32minfo[39m]: Connecting to MongoDB...
2025-02-10 12:14:25 [[32minfo[39m]: Mongodb connection saccessfull !!!
2025-02-10 12:14:25 [[32minfo[39m]: Countries data already exists in the database!
2025-02-10 12:14:25 [[32minfo[39m]: Initial country data fetched and stored.
2025-02-10 12:14:25 [[32minfo[39m]: Server is running on http://localhost:5000
2025-02-10 12:14:36 [[32minfo[39m]: Connecting to MongoDB...
2025-02-10 12:14:37 [[32minfo[39m]: Mongodb connection saccessfull !!!
2025-02-10 12:14:38 [[32minfo[39m]: Countries data already exists in the database!
2025-02-10 12:14:38 [[32minfo[39m]: Initial country data fetched and stored.
2025-02-10 12:14:38 [[32minfo[39m]: Server is running on http://localhost:5000
2025-02-10 12:15:04 [[32minfo[39m]: Connecting to MongoDB...
2025-02-10 12:15:05 [[32minfo[39m]: Mongodb connection saccessfull !!!
2025-02-10 12:15:06 [[32minfo[39m]: Countries data already exists in the database!
2025-02-10 12:15:06 [[32minfo[39m]: Initial country data fetched and stored.
2025-02-10 12:15:06 [[32minfo[39m]: Server is running on http://localhost:5000
